app/build/outputs/logs/manifest-merger-debug-report.txt
-- Merging decision tree log ---
manifest
ADDED from src\main\AndroidManifest.xml:2:1-78:12
	package
		ADDED from src\main\AndroidManifest.xml:3:5-33
		INJECTED from src\main\AndroidManifest.xml
		INJECTED from src\main\AndroidManifest.xml
	android:versionName
		ADDED from src\main\AndroidManifest.xml:5:5-30
		INJECTED from src\main\AndroidManifest.xml
		INJECTED from src\main\AndroidManifest.xml
	android:versionCode
		ADDED from src\main\AndroidManifest.xml:4:5-28
		INJECTED from src\main\AndroidManifest.xml
		INJECTED from src\main\AndroidManifest.xml
	xmlns:android
		ADDED from src\main\AndroidManifest.xml:2:11-69
uses-sdk
ADDED from src\main\AndroidManifest.xml:7:5-44
MERGED from [waibao:pinchimageview:unspecified] AndroidManifest.xml:8:5-10:41
MERGED from [cn.finalteam:galleryfinal:1.4.3] AndroidManifest.xml:7:5-9:41
MERGED from [pub.devrel:easypermissions:0.1.0] AndroidManifest.xml:7:5-9:41
MERGED from [com.android.support:appcompat-v7:23.1.1] AndroidManifest.xml:20:5-43
MERGED from [cn.finalteam:toolsfinal:1.1.1] AndroidManifest.xml:7:5-9:41
MERGED from [com.android.support:support-v4:23.1.1] AndroidManifest.xml:20:5-43
MERGED from [de.hdodenhof:circleimageview:2.1.0] AndroidManifest.xml:5:5-7:41
MERGED from [waibao:PullToRefresh:unspecified] AndroidManifest.xml:7:5-9:41
	android:targetSdkVersion
		INJECTED from src\main\AndroidManifest.xml
		INJECTED from src\main\AndroidManifest.xml
	android:minSdkVersion
		ADDED from src\main\AndroidManifest.xml:7:15-41
		INJECTED from src\main\AndroidManifest.xml
		INJECTED from src\main\AndroidManifest.xml
uses-permission#android.permission.INTERNET
ADDED from src\main\AndroidManifest.xml:11:5-67
	android:name
		ADDED from src\main\AndroidManifest.xml:11:22-64
uses-permission#android.permission.WRITE_EXTERNAL_STORAGE
ADDED from src\main\AndroidManifest.xml:13:5-81
MERGED from [cn.finalteam:galleryfinal:1.4.3] AndroidManifest.xml:14:5-81
MERGED from [cn.finalteam:toolsfinal:1.1.1] AndroidManifest.xml:14:5-81
	android:name
		ADDED from src\main\AndroidManifest.xml:13:22-78
uses-permission#android.permission.ACCESS_NETWORK_STATE
ADDED from src\main\AndroidManifest.xml:15:5-79
MERGED from [cn.finalteam:toolsfinal:1.1.1] AndroidManifest.xml:24:5-79
	android:name
		ADDED from src\main\AndroidManifest.xml:15:22-76
uses-permission#android.permission.ACCESS_WIFI_STATE
ADDED from src\main\AndroidManifest.xml:17:5-76
MERGED from [cn.finalteam:toolsfinal:1.1.1] AndroidManifest.xml:20:5-76
	android:name
		ADDED from src\main\AndroidManifest.xml:17:22-73
uses-permission#android.permission.READ_PHONE_STATE
ADDED from src\main\AndroidManifest.xml:19:5-75
MERGED from [cn.finalteam:toolsfinal:1.1.1] AndroidManifest.xml:18:5-75
	android:name
		ADDED from src\main\AndroidManifest.xml:19:22-72
uses-permission#android.permission.ACCESS_COARSE_LOCATION
ADDED from src\main\AndroidManifest.xml:21:5-81
	android:name
		ADDED from src\main\AndroidManifest.xml:21:22-78
uses-permission#android.permission.ACCESS_FINE_LOCATION
ADDED from src\main\AndroidManifest.xml:25:5-79
	android:name
		ADDED from src\main\AndroidManifest.xml:25:22-76
uses-permission#android.permission.CHANGE_WIFI_STATE
ADDED from src\main\AndroidManifest.xml:31:5-76
	android:name
		ADDED from src\main\AndroidManifest.xml:31:22-73
uses-permission#android.permission.MOUNT_UNMOUNT_FILESYSTEMS
ADDED from src\main\AndroidManifest.xml:40:5-84
MERGED from [cn.finalteam:galleryfinal:1.4.3] AndroidManifest.xml:12:5-84
MERGED from [cn.finalteam:toolsfinal:1.1.1] AndroidManifest.xml:12:5-84
	android:name
		ADDED from src\main\AndroidManifest.xml:40:22-81
uses-permission#android.permission.READ_EXTERNAL_STORAGE
ADDED from src\main\AndroidManifest.xml:42:5-80
MERGED from [cn.finalteam:galleryfinal:1.4.3] AndroidManifest.xml:16:5-80
MERGED from [cn.finalteam:toolsfinal:1.1.1] AndroidManifest.xml:16:5-80
	android:name
		ADDED from src\main\AndroidManifest.xml:42:22-77
application
ADDED from src\main\AndroidManifest.xml:45:5-77:19
MERGED from [cn.finalteam:galleryfinal:1.4.3] AndroidManifest.xml:18:5-30:19
MERGED from [pub.devrel:easypermissions:0.1.0] AndroidManifest.xml:11:5-14:19
MERGED from [com.android.support:appcompat-v7:23.1.1] AndroidManifest.xml:22:5-20
MERGED from [com.android.support:support-v4:23.1.1] AndroidManifest.xml:22:5-20
MERGED from [de.hdodenhof:circleimageview:2.1.0] AndroidManifest.xml:9:5-20
MERGED from [waibao:PullToRefresh:unspecified] AndroidManifest.xml:11:5-20
	android:label
		ADDED from src\main\AndroidManifest.xml:47:9-41
	android:supportsRtl
		ADDED from [cn.finalteam:galleryfinal:1.4.3] AndroidManifest.xml:20:9-35
	android:icon
		ADDED from src\main\AndroidManifest.xml:46:9-45
	android:allowBackup
		ADDED from [cn.finalteam:galleryfinal:1.4.3] AndroidManifest.xml:19:9-35
service#com.amap.api.location.APSService
ADDED from src\main\AndroidManifest.xml:48:9-68
	android:name
		ADDED from src\main\AndroidManifest.xml:48:18-65
meta-data#com.amap.api.v2.apikey
ADDED from src\main\AndroidManifest.xml:49:9-51:74
	android:value
		ADDED from src\main\AndroidManifest.xml:51:13-61
	android:name
		ADDED from src\main\AndroidManifest.xml:50:13-50
activity#com.example.rental.MyActivity
ADDED from src\main\AndroidManifest.xml:53:9-60:20
	android:label
		ADDED from src\main\AndroidManifest.xml:55:13-45
	android:name
		ADDED from src\main\AndroidManifest.xml:54:13-38
intent-filter#android.intent.action.MAIN+android.intent.category.LAUNCHER
ADDED from src\main\AndroidManifest.xml:56:13-59:29
action#android.intent.action.MAIN
ADDED from src\main\AndroidManifest.xml:57:17-69
	android:name
		ADDED from src\main\AndroidManifest.xml:57:25-66
category#android.intent.category.LAUNCHER
ADDED from src\main\AndroidManifest.xml:58:17-77
	android:name
		ADDED from src\main\AndroidManifest.xml:58:27-74
activity#com.example.rental.Map
ADDED from src\main\AndroidManifest.xml:61:9-63:20
	android:name
		ADDED from src\main\AndroidManifest.xml:61:19-38
activity#com.example.rental.homepage.UpRentActivity
ADDED from src\main\AndroidManifest.xml:65:9-66:15
	android:name
		ADDED from src\main\AndroidManifest.xml:65:19-58
activity#com.example.rental.Login.LoginActivity
ADDED from src\main\AndroidManifest.xml:68:9-70:20
	android:name
		ADDED from src\main\AndroidManifest.xml:68:19-54
activity#com.example.rental.PImageView.zoomtransition.PicViewActivity
ADDED from src\main\AndroidManifest.xml:72:9-74:47
	android:theme
		ADDED from src\main\AndroidManifest.xml:74:13-44
	android:name
		ADDED from src\main\AndroidManifest.xml:73:13-70
activity#com.example.rental.PImageView.zoomtransition.ThumbViewActivity
ADDED from src\main\AndroidManifest.xml:75:9-81
	android:name
		ADDED from src\main\AndroidManifest.xml:75:19-78
activity#cn.finalteam.galleryfinal.PhotoSelectActivity
ADDED from [cn.finalteam:galleryfinal:1.4.3] AndroidManifest.xml:21:9-23:52
	android:screenOrientation
		ADDED from [cn.finalteam:galleryfinal:1.4.3] AndroidManifest.xml:23:13-49
	android:name
		ADDED from [cn.finalteam:galleryfinal:1.4.3] AndroidManifest.xml:22:13-73
activity#cn.finalteam.galleryfinal.PhotoEditActivity
ADDED from [cn.finalteam:galleryfinal:1.4.3] AndroidManifest.xml:24:9-26:52
	android:screenOrientation
		ADDED from [cn.finalteam:galleryfinal:1.4.3] AndroidManifest.xml:26:13-49
	android:name
		ADDED from [cn.finalteam:galleryfinal:1.4.3] AndroidManifest.xml:25:13-71
activity#cn.finalteam.galleryfinal.PhotoPreviewActivity
ADDED from [cn.finalteam:galleryfinal:1.4.3] AndroidManifest.xml:27:9-29:52
	android:screenOrientation
		ADDED from [cn.finalteam:galleryfinal:1.4.3] AndroidManifest.xml:29:13-49
	android:name
		ADDED from [cn.finalteam:galleryfinal:1.4.3] AndroidManifest.xml:28:13-74
uses-permission#android.permission.GET_TASKS
ADDED from [cn.finalteam:toolsfinal:1.1.1] AndroidManifest.xml:22:5-68
	android:name
		ADDED from [cn.finalteam:toolsfinal:1.1.1] AndroidManifest.xml:22:22-65
uses-permission#android.permission.CALL_PHONE
ADDED from [cn.finalteam:toolsfinal:1.1.1] AndroidManifest.xml:26:5-69
	android:name
		ADDED from [cn.finalteam:toolsfinal:1.1.1] AndroidManifest.xml:26:22-66